<?xml version="1.0" encoding="utf-8"?><testsuites name="pytest tests"><testsuite name="pytest" errors="0" failures="0" skipped="0" tests="11" time="3.798" timestamp="2026-04-13T14:15:41.164432+00:00" hostname="agent-env-c3ff5740-f081-44ce-8ee5-1013b1b675d5"><testcase classname="tests.test_crm_api.TestAuthentication" name="test_login_success" time="0.484" /><testcase classname="tests.test_crm_api.TestAuthentication" name="test_login_invalid_credentials" time="0.113" /><testcase classname="tests.test_crm_api.TestHealthCheck" name="test_api_health" time="0.134" /><testcase classname="tests.test_crm_api.TestClientsAPI" name="test_get_clients" time="0.528" /><testcase classname="tests.test_crm_api.TestClientsAPI" name="test_get_clients_with_limit" time="0.211" /><testcase classname="tests.test_crm_api.TestFinancialAPI" name="test_get_dashboard_stats" time="0.468" /><testcase classname="tests.test_crm_api.TestFinancialAPI" name="test_get_contas_receber" time="0.194" /><testcase classname="tests.test_crm_api.TestTasksAPI" name="test_get_tasks_stats" time="0.476" /><testcase classname="tests.test_crm_api.TestTrabalhistaAPI" name="test_get_solicitacoes" time="0.492" /><testcase classname="tests.test_crm_api.TestFiscalAPI" name="test_get_dashboard_stats" time="0.476" /><testcase classname="tests.test_crm_api.TestFiscalAPI" name="test_get_obrigacoes" time="0.112" /></testsuite></testsuites>